<?xml version="1.0" encoding="UTF-8"?>
<testng-results ignored="0" total="1" passed="1" failed="0" skipped="0">
  <reporter-output>
  </reporter-output>
  <suite started-at="2025-11-20T20:14:32 IST" name="Default suite" finished-at="2025-11-20T20:14:47 IST" duration-ms="14762">
    <groups>
    </groups>
    <test started-at="2025-11-20T20:14:32 IST" name="Default test" finished-at="2025-11-20T20:14:47 IST" duration-ms="14762">
      <class name="testScripts.LoginTest">
        <test-method is-config="true" signature="initializeBrowser()[pri:0, instance:testScripts.LoginTest@3c19aaa5]" started-at="2025-11-20T20:14:32 IST" name="initializeBrowser" finished-at="2025-11-20T20:14:46 IST" duration-ms="13416" status="PASS">
          <reporter-output>
          </reporter-output>
        </test-method> <!-- initializeBrowser -->
        <test-method signature="verifyWhetherUserIsAbleToLoginWithValidCredential()[pri:0, instance:testScripts.LoginTest@3c19aaa5]" started-at="2025-11-20T20:14:46 IST" name="verifyWhetherUserIsAbleToLoginWithValidCredential" finished-at="2025-11-20T20:14:47 IST" duration-ms="1141" status="PASS">
          <reporter-output>
          </reporter-output>
        </test-method> <!-- verifyWhetherUserIsAbleToLoginWithValidCredential -->
        <test-method is-config="true" signature="browserCloseAndQuit()[pri:0, instance:testScripts.LoginTest@3c19aaa5]" started-at="2025-11-20T20:14:47 IST" name="browserCloseAndQuit" finished-at="2025-11-20T20:14:47 IST" duration-ms="1" status="PASS">
          <reporter-output>
          </reporter-output>
        </test-method> <!-- browserCloseAndQuit -->
      </class> <!-- testScripts.LoginTest -->
    </test> <!-- Default test -->
  </suite> <!-- Default suite -->
</testng-results>
