<?xml version="1.0" encoding="UTF-8"?>
<testng-results ignored="0" total="1" passed="1" failed="0" skipped="0">
  <reporter-output>
  </reporter-output>
  <suite started-at="2025-11-24T20:31:48 IST" name="Default suite" finished-at="2025-11-24T20:32:00 IST" duration-ms="11518">
    <groups>
    </groups>
    <test started-at="2025-11-24T20:31:48 IST" name="Default test" finished-at="2025-11-24T20:32:00 IST" duration-ms="11518">
      <class name="testScripts.LoginTest">
        <test-method is-config="true" signature="initializeBrowser()[pri:0, instance:testScripts.LoginTest@459e9125]" started-at="2025-11-24T20:31:48 IST" name="initializeBrowser" finished-at="2025-11-24T20:31:58 IST" duration-ms="9775" status="PASS">
          <reporter-output>
          </reporter-output>
        </test-method> <!-- initializeBrowser -->
        <test-method signature="verifyWhetherUserIsAbleToLoginWithInValidUsernameAndInValidPassword()[pri:0, instance:testScripts.LoginTest@459e9125]" started-at="2025-11-24T20:31:58 IST" name="verifyWhetherUserIsAbleToLoginWithInValidUsernameAndInValidPassword" finished-at="2025-11-24T20:32:00 IST" duration-ms="1654" status="PASS">
          <reporter-output>
          </reporter-output>
        </test-method> <!-- verifyWhetherUserIsAbleToLoginWithInValidUsernameAndInValidPassword -->
        <test-method is-config="true" signature="browserCloseAndQuit()[pri:0, instance:testScripts.LoginTest@459e9125]" started-at="2025-11-24T20:32:00 IST" name="browserCloseAndQuit" finished-at="2025-11-24T20:32:00 IST" duration-ms="5" status="PASS">
          <reporter-output>
          </reporter-output>
        </test-method> <!-- browserCloseAndQuit -->
      </class> <!-- testScripts.LoginTest -->
    </test> <!-- Default test -->
  </suite> <!-- Default suite -->
</testng-results>
