<?xml version="1.0" encoding="UTF-8"?>
<!-- Generated by org.testng.reporters.JUnitXMLReporter -->
<testsuite ignored="3" hostname="DESKTOP-LEHG4DH" failures="0" tests="1" name="Default test" time="14.762" errors="0" timestamp="2025-11-20T20:14:47 IST">
  <testcase classname="testScripts.LoginTest" name="verifyWhetherUserIsAbleToLoginWithValidCredential" time="1.141"/>
  <testcase classname="testScripts.LoginTest" name="verifyWhetherUserIsAbleToLoginWithValidUsernameAndInValidPassword" time="0.0">
    <ignored/>
  </testcase> <!-- verifyWhetherUserIsAbleToLoginWithValidUsernameAndInValidPassword -->
  <testcase classname="testScripts.LoginTest" name="verifyWhetherUserIsAbleToLoginWithInValidUsernameAndValidPassword" time="0.0">
    <ignored/>
  </testcase> <!-- verifyWhetherUserIsAbleToLoginWithInValidUsernameAndValidPassword -->
  <testcase classname="testScripts.LoginTest" name="verifyWhetherUserIsAbleToLoginWithInValidUsernameAndInValidPassword" time="0.0">
    <ignored/>
  </testcase> <!-- verifyWhetherUserIsAbleToLoginWithInValidUsernameAndInValidPassword -->
</testsuite> <!-- Default test -->
